["nil", "\"aaa\"", "\"dasdsa\"", "\"<a href=\\\"/users/1\\\">Show</a>\"", "\"<a href=\\\"/users/1/edit\\\">Edit</a>\"", "\"<a data-confirm=\\\"Are you sure?\\\" rel=\\\"nofollow\\\" data-method=\\\"delete\\\" href=\\\"/users/1\\\">Destroy</a>\"", "\"dasdas\"", "\"dasdsadsa\"", "\"<a href=\\\"/users/2\\\">Show</a>\"", "\"<a href=\\\"/users/2/edit\\\">Edit</a>\"", "\"<a data-confirm=\\\"Are you sure?\\\" rel=\\\"nofollow\\\" data-method=\\\"delete\\\" href=\\\"/users/2\\\">Destroy</a>\"", "\"dasdas\"", "\"dasdsadsa\"", "\"<a href=\\\"/users/3\\\">Show</a>\"", "\"<a href=\\\"/users/3/edit\\\">Edit</a>\"", "\"<a data-confirm=\\\"Are you sure?\\\" rel=\\\"nofollow\\\" data-method=\\\"delete\\\" href=\\\"/users/3\\\">Destroy</a>\"", "\"dasdas\"", "\"dasdsadsa\"", "\"<a href=\\\"/users/4\\\">Show</a>\"", "\"<a href=\\\"/users/4/edit\\\">Edit</a>\"", "\"<a data-confirm=\\\"Are you sure?\\\" rel=\\\"nofollow\\\" data-method=\\\"delete\\\" href=\\\"/users/4\\\">Destroy</a>\"", "\"dasdas\"", "\"dasdsadsa\"", "\"<a href=\\\"/users/5\\\">Show</a>\"", "\"<a href=\\\"/users/5/edit\\\">Edit</a>\"", "\"<a data-confirm=\\\"Are you sure?\\\" rel=\\\"nofollow\\\" data-method=\\\"delete\\\" href=\\\"/users/5\\\">Destroy</a>\"", "\"dasdas\"", "\"dasdsadsa\"", "\"<a href=\\\"/users/6\\\">Show</a>\"", "\"<a href=\\\"/users/6/edit\\\">Edit</a>\"", "\"<a data-confirm=\\\"Are you sure?\\\" rel=\\\"nofollow\\\" data-method=\\\"delete\\\" href=\\\"/users/6\\\">Destroy</a>\"", "\"<a href=\\\"/users/new\\\">New User</a>\""]
nil
"aaa"
"dasdsa"
"<a href=\"/users/1\">Show</a>"
"<a href=\"/users/1/edit\">Edit</a>"
"<a data-confirm=\"Are you sure?\" rel=\"nofollow\" data-method=\"delete\" href=\"/users/1\">Destroy</a>"
"dasdas"
"dasdsadsa"
"<a href=\"/users/2\">Show</a>"
"<a href=\"/users/2/edit\">Edit</a>"
"<a data-confirm=\"Are you sure?\" rel=\"nofollow\" data-method=\"delete\" href=\"/users/2\">Destroy</a>"
"dasdas"
"dasdsadsa"
"<a href=\"/users/3\">Show</a>"
"<a href=\"/users/3/edit\">Edit</a>"
"<a data-confirm=\"Are you sure?\" rel=\"nofollow\" data-method=\"delete\" href=\"/users/3\">Destroy</a>"
"dasdas"
"dasdsadsa"
"<a href=\"/users/4\">Show</a>"
"<a href=\"/users/4/edit\">Edit</a>"
"<a data-confirm=\"Are you sure?\" rel=\"nofollow\" data-method=\"delete\" href=\"/users/4\">Destroy</a>"
"dasdas"
"dasdsadsa"
"<a href=\"/users/5\">Show</a>"
"<a href=\"/users/5/edit\">Edit</a>"
"<a data-confirm=\"Are you sure?\" rel=\"nofollow\" data-method=\"delete\" href=\"/users/5\">Destroy</a>"
"dasdas"
"dasdsadsa"
"<a href=\"/users/6\">Show</a>"
"<a href=\"/users/6/edit\">Edit</a>"
"<a data-confirm=\"Are you sure?\" rel=\"nofollow\" data-method=\"delete\" href=\"/users/6\">Destroy</a>"
"<a href=\"/users/new\">New User</a>"